<?xml version="1.0" encoding="UTF-8"?>
<!-- Generated by org.testng.reporters.JUnitReportReporter -->
<testsuite hostname="DESKTOP-C8J0NPN" failures="0" tests="3" name="com.crm.qa.testcases.HomepageTest" time="34.870" errors="0" timestamp="2024-02-20T08:10:13 CST" skipped="0">
  <testcase classname="com.crm.qa.testcases.HomepageTest" name="verifypage_titletest" time="10.933"/>
  <system-out/>
  <testcase classname="com.crm.qa.testcases.HomepageTest" name="verify_usernameTest" time="11.170"/>
  <system-out/>
  <testcase classname="com.crm.qa.testcases.HomepageTest" name="clickon_contactslink" time="12.767"/>
  <system-out/>
</testsuite> <!-- com.crm.qa.testcases.HomepageTest -->
