<?xml version="1.0" encoding="UTF-8"?>
<!-- Generated by org.testng.reporters.JUnitReportReporter -->
<testsuite hostname="DESKTOP-C8J0NPN" failures="0" tests="3" name="com.crm.qa.testcases.HomepageTest" time="41.710" errors="0" timestamp="2024-02-01T16:14:38 CST" skipped="0">
  <testcase classname="com.crm.qa.testcases.HomepageTest" name="verifypage_titletest" time="14.182"/>
  <system-out/>
  <testcase classname="com.crm.qa.testcases.HomepageTest" name="verify_usernameTest" time="12.746"/>
  <system-out/>
  <testcase classname="com.crm.qa.testcases.HomepageTest" name="clickon_contactslink" time="14.782"/>
  <system-out/>
</testsuite> <!-- com.crm.qa.testcases.HomepageTest -->
