<?xml version="1.0" encoding="UTF-8"?>
<!-- Generated by org.testng.reporters.JUnitReportReporter -->
<testsuite hostname="DESKTOP-C8J0NPN" failures="0" tests="2" name="com.crm.qa.testcases.ContactspageTest" time="25.759" errors="0" timestamp="2024-02-20T08:10:13 CST" skipped="0">
  <testcase classname="com.crm.qa.testcases.ContactspageTest" name="verifycontactspage_title" time="12.226"/>
  <system-out/>
  <testcase classname="com.crm.qa.testcases.ContactspageTest" name="verify_pipeline_link" time="13.533"/>
  <system-out/>
</testsuite> <!-- com.crm.qa.testcases.ContactspageTest -->
