<?xml version="1.0" encoding="UTF-8"?>
<!-- Generated by org.testng.reporters.JUnitReportReporter -->
<testsuite hostname="DESKTOP-C8J0NPN" failures="0" tests="2" name="com.crm.qa.testcases.LoginpageTest" time="17.843" errors="0" timestamp="2024-02-16T16:34:56 CST" skipped="0">
  <testcase classname="com.crm.qa.testcases.LoginpageTest" name="logipage_titletest" time="5.801"/>
  <system-out/>
  <testcase classname="com.crm.qa.testcases.LoginpageTest" name="loginTest" time="12.042"/>
  <system-out/>
</testsuite> <!-- com.crm.qa.testcases.LoginpageTest -->
