<?xml version="1.0" encoding="UTF-8"?>
<!-- Generated by org.testng.reporters.JUnitReportReporter -->
<testsuite hostname="DESKTOP-C8J0NPN" failures="0" tests="2" name="com.crm.qa.testcases.ContactspageTest" time="27.321" errors="0" timestamp="2024-02-08T22:00:21 CST" skipped="0">
  <testcase classname="com.crm.qa.testcases.ContactspageTest" name="verifycontactspage_title" time="11.224"/>
  <system-out/>
  <testcase classname="com.crm.qa.testcases.ContactspageTest" name="verify_pipeline_link" time="16.097"/>
  <system-out/>
</testsuite> <!-- com.crm.qa.testcases.ContactspageTest -->
