<?xml version="1.0" encoding="UTF-8"?>
<!-- Generated by org.testng.reporters.JUnitReportReporter -->
<testsuite hostname="DESKTOP-C8J0NPN" failures="0" tests="2" name="com.crm.qa.testcases.LoginpageTest" time="17.328" errors="0" timestamp="2024-02-08T22:00:21 CST" skipped="0">
  <testcase classname="com.crm.qa.testcases.LoginpageTest" name="logipage_titletest" time="4.778"/>
  <system-out/>
  <testcase classname="com.crm.qa.testcases.LoginpageTest" name="loginTest" time="12.550"/>
  <system-out/>
</testsuite> <!-- com.crm.qa.testcases.LoginpageTest -->
